<?xml version="1.0" encoding="UTF-8"?>
<!-- Generated by org.testng.reporters.JUnitReportReporter -->
<testsuite hostname="DESKTOP-2GME1G6" failures="0" tests="1" name="TestNG.bhu" time="0.019" errors="0" timestamp="2023-12-18T11:56:00 IST" skipped="0">
  <testcase classname="TestNG.bhu" name="send" time="0.019"/>
  <system-out/>
</testsuite> <!-- TestNG.bhu -->
