<?xml version="1.0" encoding="UTF-8"?>
<!-- Generated by org.testng.reporters.JUnitReportReporter -->
<testsuite hostname="DESKTOP-2GME1G6" failures="0" tests="3" name="TestNG.Amazon1" time="0.012" errors="0" timestamp="2023-12-18T13:00:17 IST" skipped="1">
  <testcase classname="TestNG.Amazon1" name="search" time="0.011"/>
  <system-out/>
  <testcase classname="TestNG.Amazon1" name="checkout" time="0.001"/>
  <system-out/>
  <testcase classname="TestNG.Amazon1" name="cart">
    <skipped/>
  </testcase> <!-- cart -->
  <system-out/>
</testsuite> <!-- TestNG.Amazon1 -->
