<?xml version="1.0" encoding="UTF-8"?>
<!-- Generated by org.testng.reporters.JUnitReportReporter -->
<testsuite hostname="DESKTOP-2GME1G6" failures="0" tests="1" name="pom_class_fb.Runner" time="9.284" errors="0" timestamp="2023-12-21T13:56:06 IST" skipped="0">
  <testcase classname="pom_class_fb.Runner" name="run" time="9.284"/>
  <system-out/>
</testsuite> <!-- pom_class_fb.Runner -->
