<?xml version="1.0" encoding="UTF-8"?>
<!-- Generated by org.testng.reporters.JUnitReportReporter -->
<testsuite hostname="DESKTOP-2GME1G6" failures="0" tests="1" name="Property.fetch_data" time="13.482" errors="0" timestamp="2023-12-25T13:58:33 IST" skipped="0">
  <testcase classname="Property.fetch_data" name="testdata" time="13.482"/>
  <system-out/>
</testsuite> <!-- Property.fetch_data -->
