<?xml version="1.0" encoding="UTF-8"?>
<!-- Generated by org.testng.reporters.JUnitReportReporter -->
<testsuite hostname="DESKTOP-2GME1G6" failures="0" tests="1" name="TestNG.facebook" time="5.441" errors="0" timestamp="2023-12-18T13:17:16 IST" skipped="0">
  <testcase classname="TestNG.facebook" name="login_script" time="5.441"/>
  <system-out>
    <![CDATA[browser launched
browser maximised
facebook launced
email entered
password entered
browser closed]]>
  </system-out>
</testsuite> <!-- TestNG.facebook -->
