<?xml version="1.0" encoding="UTF-8"?>
<!-- Generated by org.testng.reporters.JUnitReportReporter -->
<testsuite hostname="DESKTOP-2GME1G6" failures="0" tests="3" name="TestNG.Amazon" time="0.018" errors="0" timestamp="2023-12-18T13:15:17 IST" skipped="0">
  <testcase classname="TestNG.Amazon" name="checkout" time="0.002"/>
  <system-out/>
  <testcase classname="TestNG.Amazon" name="cart" time="0.013"/>
  <system-out/>
  <testcase classname="TestNG.Amazon" name="search" time="0.003"/>
  <system-out/>
</testsuite> <!-- TestNG.Amazon -->
