<?xml version="1.0" encoding="UTF-8"?>
<!-- Generated by org.testng.reporters.JUnitReportReporter -->
<testsuite hostname="DESKTOP-2GME1G6" failures="0" tests="1" name="TestNG1.Runner" time="9.525" errors="0" timestamp="2023-12-19T14:52:42 IST" skipped="0">
  <testcase classname="TestNG1.Runner" name="login" time="9.525"/>
  <system-out/>
</testsuite> <!-- TestNG1.Runner -->
