<?xml version="1.0" encoding="UTF-8"?>
<!-- Generated by org.testng.reporters.JUnitReportReporter -->
<testsuite hostname="DESKTOP-2GME1G6" failures="0" tests="1" name="TestNG1.Instagrambaseclass" time="31.399" errors="0" timestamp="2023-12-20T23:18:04 IST" skipped="0">
  <testcase classname="TestNG1.Instagrambaseclass" name="login" time="31.399"/>
  <system-out/>
</testsuite> <!-- TestNG1.Instagrambaseclass -->
