<?xml version="1.0" encoding="UTF-8"?>
<!-- Generated by org.testng.reporters.JUnitReportReporter -->
<testsuite hostname="DESKTOP-2GME1G6" failures="0" tests="1" name="TestNG1.RunnerclassInsta" time="27.702" errors="0" timestamp="2023-12-21T13:57:29 IST" skipped="0">
  <testcase classname="TestNG1.RunnerclassInsta" name="Following" time="27.702"/>
  <system-out/>
</testsuite> <!-- TestNG1.RunnerclassInsta -->
