<?xml version="1.0" encoding="UTF-8"?>
<!-- Generated by org.testng.reporters.JUnitReportReporter -->
<testsuite hostname="DESKTOP-2GME1G6" failures="0" tests="1" name="reports.gen_report" time="13.320" errors="0" timestamp="2023-12-29T13:44:54 IST" skipped="0">
  <testcase classname="reports.gen_report" name="run" time="13.320"/>
  <system-out/>
</testsuite> <!-- reports.gen_report -->
